[    0.000000] Initializing cgroup subsys cpuset
[    0.000000] Initializing cgroup subsys cpu
[    0.000000] Initializing cgroup subsys cpuacct
[    0.000000] Linux version 4.4.0-146-generic (buildd@lcy01-amd64-025) (gcc version 5.4.0 20160609 (Ubuntu 5.4.0-6ubuntu1~16.04.10) ) #172-Ubuntu SMP Wed Apr 3 09:00:08 UTC 2019 (Ubuntu 4.4.0-146.172-generic 4.4.177)
[    0.000000] Command line: BOOT_IMAGE=/boot/vmlinuz-4.4.0-146-generic root=LABEL=cloudimg-rootfs ro console=tty1 console=ttyS0
[    0.000000] KERNEL supported cpus:
[    0.000000]   Intel GenuineIntel
[    0.000000]   AMD AuthenticAMD
[    0.000000]   Centaur CentaurHauls
[    0.000000] x86/fpu: xstate_offset[2]:  576, xstate_sizes[2]:  256
[    0.000000] x86/fpu: Supporting XSAVE feature 0x01: 'x87 floating point registers'
[    0.000000] x86/fpu: Supporting XSAVE feature 0x02: 'SSE registers'
[    0.000000] x86/fpu: Supporting XSAVE feature 0x04: 'AVX registers'
[    0.000000] x86/fpu: Enabled xstate features 0x7, context size is 832 bytes, using 'standard' format.
[    0.000000] e820: BIOS-provided physical RAM map:
[    0.000000] BIOS-e820: [mem 0x0000000000000000-0x000000000009fbff] usable
[    0.000000] BIOS-e820: [mem 0x000000000009fc00-0x000000000009ffff] reserved
[    0.000000] BIOS-e820: [mem 0x00000000000f0000-0x00000000000fffff] reserved
[    0.000000] BIOS-e820: [mem 0x0000000000100000-0x000000003ffeffff] usable
[    0.000000] BIOS-e820: [mem 0x000000003fff0000-0x000000003fffffff] ACPI data
[    0.000000] BIOS-e820: [mem 0x00000000fec00000-0x00000000fec00fff] reserved
[    0.000000] BIOS-e820: [mem 0x00000000fee00000-0x00000000fee00fff] reserved
[    0.000000] BIOS-e820: [mem 0x00000000fffc0000-0x00000000ffffffff] reserved
[    0.000000] NX (Execute Disable) protection: active
[    0.000000] SMBIOS 2.5 present.
[    0.000000] Hypervisor detected: KVM
[    0.000000] e820: last_pfn = 0x3fff0 max_arch_pfn = 0x400000000
[    0.000000] MTRR: Disabled
[    0.000000] x86/PAT: MTRRs disabled, skipping PAT initialization too.
[    0.000000] CPU MTRRs all blank - virtualized system.
[    0.000000] x86/PAT: Configuration [0-7]: WB  WT  UC- UC  WB  WT  UC- UC  
[    0.000000] found SMP MP-table at [mem 0x0009fff0-0x0009ffff] mapped at [ffff88000009fff0]
[    0.000000] Scanning 1 areas for low memory corruption
[    0.000000] RAMDISK: [mem 0x362fa000-0x37174fff]
[    0.000000] ACPI: Early table checksum verification disabled
[    0.000000] ACPI: RSDP 0x00000000000E0000 000024 (v02 VBOX  )
[    0.000000] ACPI: XSDT 0x000000003FFF0030 00003C (v01 VBOX   VBOXXSDT 00000001 ASL  00000061)
[    0.000000] ACPI: FACP 0x000000003FFF00F0 0000F4 (v04 VBOX   VBOXFACP 00000001 ASL  00000061)
[    0.000000] ACPI: DSDT 0x000000003FFF0470 0022EA (v02 VBOX   VBOXBIOS 00000002 INTL 20100528)
[    0.000000] ACPI: FACS 0x000000003FFF0200 000040
[    0.000000] ACPI: FACS 0x000000003FFF0200 000040
[    0.000000] ACPI: APIC 0x000000003FFF0240 00005C (v02 VBOX   VBOXAPIC 00000001 ASL  00000061)
[    0.000000] ACPI: SSDT 0x000000003FFF02A0 0001CC (v01 VBOX   VBOXCPUT 00000002 INTL 20100528)
[    0.000000] No NUMA configuration found
[    0.000000] Faking a node at [mem 0x0000000000000000-0x000000003ffeffff]
[    0.000000] NODE_DATA(0) allocated [mem 0x3ffeb000-0x3ffeffff]
[    0.000000] kvm-clock: Using msrs 4b564d01 and 4b564d00
[    0.000000] kvm-clock: cpu 0, msr 0:3ffe3001, primary cpu clock
[    0.000000] kvm-clock: using sched offset of 3422466115 cycles
[    0.000000] clocksource: kvm-clock: mask: 0xffffffffffffffff max_cycles: 0x1cd42e4dffb, max_idle_ns: 881590591483 ns
[    0.000000] Zone ranges:
[    0.000000]   DMA      [mem 0x0000000000001000-0x0000000000ffffff]
[    0.000000]   DMA32    [mem 0x0000000001000000-0x000000003ffeffff]
[    0.000000]   Normal   empty
[    0.000000]   Device   empty
[    0.000000] Movable zone start for each node
[    0.000000] Early memory node ranges
[    0.000000]   node   0: [mem 0x0000000000001000-0x000000000009efff]
[    0.000000]   node   0: [mem 0x0000000000100000-0x000000003ffeffff]
[    0.000000] Initmem setup node 0 [mem 0x0000000000001000-0x000000003ffeffff]
[    0.000000] ACPI: PM-Timer IO Port: 0x4008
[    0.000000] IOAPIC[0]: apic_id 2, version 32, address 0xfec00000, GSI 0-23
[    0.000000] ACPI: INT_SRC_OVR (bus 0 bus_irq 0 global_irq 2 dfl dfl)
[    0.000000] ACPI: INT_SRC_OVR (bus 0 bus_irq 9 global_irq 9 low level)
[    0.000000] Using ACPI (MADT) for SMP configuration information
[    0.000000] smpboot: Allowing 2 CPUs, 0 hotplug CPUs
[    0.000000] PM: Registered nosave memory: [mem 0x00000000-0x00000fff]
[    0.000000] PM: Registered nosave memory: [mem 0x0009f000-0x0009ffff]
[    0.000000] PM: Registered nosave memory: [mem 0x000a0000-0x000effff]
[    0.000000] PM: Registered nosave memory: [mem 0x000f0000-0x000fffff]
[    0.000000] e820: [mem 0x40000000-0xfebfffff] available for PCI devices
[    0.000000] Booting paravirtualized kernel on KVM
[    0.000000] clocksource: refined-jiffies: mask: 0xffffffff max_cycles: 0xffffffff, max_idle_ns: 7645519600211568 ns
[    0.000000] setup_percpu: NR_CPUS:512 nr_cpumask_bits:512 nr_cpu_ids:2 nr_node_ids:1
[    0.000000] PERCPU: Embedded 34 pages/cpu @ffff88003fc00000 s99480 r8192 d31592 u1048576
[    0.000000] Built 1 zonelists in Node order, mobility grouping on.  Total pages: 257912
[    0.000000] Policy zone: DMA32
[    0.000000] Kernel command line: BOOT_IMAGE=/boot/vmlinuz-4.4.0-146-generic root=LABEL=cloudimg-rootfs ro console=tty1 console=ttyS0
[    0.000000] PID hash table entries: 4096 (order: 3, 32768 bytes)
[    0.000000] Memory: 997732K/1048120K available (8609K kernel code, 1334K rwdata, 4028K rodata, 1484K init, 1284K bss, 50388K reserved, 0K cma-reserved)
[    0.000000] SLUB: HWalign=64, Order=0-3, MinObjects=0, CPUs=2, Nodes=1
[    0.000000] Kernel/User page tables isolation: enabled
[    0.000000] Hierarchical RCU implementation.
[    0.000000] 	Build-time adjustment of leaf fanout to 64.
[    0.000000] 	RCU restricting CPUs from NR_CPUS=512 to nr_cpu_ids=2.
[    0.000000] RCU: Adjusting geometry for rcu_fanout_leaf=64, nr_cpu_ids=2
[    0.000000] NR_IRQS:33024 nr_irqs:440 16
[    0.000000] Console: colour VGA+ 80x25
[    0.000000] console [tty1] enabled
[    0.000000] console [ttyS0] enabled
[    0.000000] tsc: Detected 2303.998 MHz processor
[    0.150086] Calibrating delay loop (skipped) preset value.. 4607.99 BogoMIPS (lpj=9215992)
[    0.151726] pid_max: default: 32768 minimum: 301
[    0.152617] ACPI: Core revision 20150930
[    0.154207] ACPI: 2 ACPI AML tables successfully acquired and loaded
[    0.155543] Security Framework initialized
[    0.156504] Yama: becoming mindful.
[    0.157382] AppArmor: AppArmor initialized
[    0.158535] Dentry cache hash table entries: 131072 (order: 8, 1048576 bytes)
[    0.161727] Inode-cache hash table entries: 65536 (order: 7, 524288 bytes)
[    0.163073] Mount-cache hash table entries: 2048 (order: 2, 16384 bytes)
[    0.164108] Mountpoint-cache hash table entries: 2048 (order: 2, 16384 bytes)
[    0.166537] Initializing cgroup subsys io
[    0.167277] Initializing cgroup subsys memory
[    0.168033] Initializing cgroup subsys devices
[    0.168735] Initializing cgroup subsys freezer
[    0.169441] Initializing cgroup subsys net_cls
[    0.170161] Initializing cgroup subsys perf_event
[    0.171241] Initializing cgroup subsys net_prio
[    0.172040] Initializing cgroup subsys hugetlb
[    0.172815] Initializing cgroup subsys pids
[    0.174671] mce: CPU supports 0 MCE banks
[    0.175364] Last level iTLB entries: 4KB 64, 2MB 8, 4MB 8
[    0.176373] Last level dTLB entries: 4KB 64, 2MB 0, 4MB 0, 1GB 4
[    0.177336] Spectre V2 : Mitigation: Full generic retpoline
[    0.178303] Spectre V2 : Spectre v2 / SpectreRSB mitigation: Filling RSB on context switch
[    0.179846] Speculative Store Bypass: Vulnerable
[    0.183249] Freeing SMP alternatives memory: 36K
[    0.194427] ftrace: allocating 32287 entries in 127 pages
[    0.248161] smpboot: APIC(0) Converting physical 0 to logical package 0
[    0.249529] smpboot: Max logical packages: 1
[    0.250580] x2apic enabled
[    0.251629] Switched APIC routing to physical x2apic.
[    0.253441] ..TIMER: vector=0x30 apic1=0 pin1=2 apic2=-1 pin2=-1
[    0.361763] smpboot: CPU0: Intel(R) Core(TM) i5-7360U CPU @ 2.30GHz (family: 0x6, model: 0x8e, stepping: 0x9)
[    0.365464] Performance Events: unsupported p6 CPU model 142 no PMU driver, software events only.
[    0.376407] KVM setup paravirtual spinlock
[    0.378067] x86: Booting SMP configuration:
[    0.378803] .... node  #0, CPUs:      #1
[    0.379721] kvm-clock: cpu 1, msr 0:3ffe3041, secondary cpu clock
[    0.381732] mce: CPU supports 0 MCE banks
[    0.384664] x86: Booted up 1 node, 2 CPUs
[    0.385939] smpboot: Total of 2 processors activated (9215.99 BogoMIPS)
[    0.387442] devtmpfs: initialized
[    0.390043] evm: security.selinux
[    0.391223] evm: security.SMACK64
[    0.392461] evm: security.SMACK64EXEC
[    0.396070] evm: security.SMACK64TRANSMUTE
[    0.397356] evm: security.SMACK64MMAP
[    0.398228] evm: security.ima
[    0.399917] evm: security.capability
[    0.406125] clocksource: jiffies: mask: 0xffffffff max_cycles: 0xffffffff, max_idle_ns: 7645041785100000 ns
[    0.408925] futex hash table entries: 512 (order: 3, 32768 bytes)
[    0.412344] pinctrl core: initialized pinctrl subsystem
[    0.414091] RTC time: 10:30:33, date: 05/16/19
[    0.417320] NET: Registered protocol family 16
[    0.430209] cpuidle: using governor ladder
[    0.441878] cpuidle: using governor menu
[    0.442720] PCCT header not found.
[    0.443514] ACPI: bus type PCI registered
[    0.444469] acpiphp: ACPI Hot Plug PCI Controller Driver version: 0.5
[    0.446035] PCI: Using configuration type 1 for base access
[    0.459960] ACPI: Added _OSI(Module Device)
[    0.460802] ACPI: Added _OSI(Processor Device)
[    0.461744] ACPI: Added _OSI(3.0 _SCP Extensions)
[    0.462666] ACPI: Added _OSI(Processor Aggregator Device)
[    0.464228] ACPI: Executed 1 blocks of module-level executable AML code
[    0.467249] ACPI: Interpreter enabled
[    0.467964] ACPI: (supports S0 S5)
[    0.468655] ACPI: Using IOAPIC for interrupt routing
[    0.469754] PCI: Using host bridge windows from ACPI; if necessary, use "pci=nocrs" and report a bug
[    0.474700] ACPI: PCI Root Bridge [PCI0] (domain 0000 [bus 00-ff])
[    0.476149] acpi PNP0A03:00: _OSC: OS supports [ASPM ClockPM Segments MSI]
[    0.477543] acpi PNP0A03:00: _OSC: not requesting OS control; OS requires [ExtendedConfig ASPM ClockPM MSI]
[    0.479085] acpi PNP0A03:00: fail to add MMCONFIG information, can't access extended PCI configuration space under this bridge.
[    0.481046] PCI host bridge to bus 0000:00
[    0.481722] pci_bus 0000:00: root bus resource [io  0x0000-0x0cf7 window]
[    0.482774] pci_bus 0000:00: root bus resource [io  0x0d00-0xffff window]
[    0.483744] pci_bus 0000:00: root bus resource [mem 0x000a0000-0x000bffff window]
[    0.484987] pci_bus 0000:00: root bus resource [mem 0x40000000-0xfdffffff window]
[    0.486423] pci_bus 0000:00: root bus resource [bus 00-ff]
[    0.488683] pci 0000:00:01.1: legacy IDE quirk: reg 0x10: [io  0x01f0-0x01f7]
[    0.490072] pci 0000:00:01.1: legacy IDE quirk: reg 0x14: [io  0x03f6]
[    0.491183] pci 0000:00:01.1: legacy IDE quirk: reg 0x18: [io  0x0170-0x0177]
[    0.492492] pci 0000:00:01.1: legacy IDE quirk: reg 0x1c: [io  0x0376]
[    0.505182] pci 0000:00:07.0: quirk: [io  0x4000-0x403f] claimed by PIIX4 ACPI
[    0.506859] pci 0000:00:07.0: quirk: [io  0x4100-0x410f] claimed by PIIX4 SMB
[    0.523086] ACPI: PCI Interrupt Link [LNKA] (IRQs 5 9 10 *11)
[    0.525037] ACPI: PCI Interrupt Link [LNKB] (IRQs 5 9 *10 11)
[    0.526382] ACPI: PCI Interrupt Link [LNKC] (IRQs 5 *9 10 11)
[    0.527613] ACPI: PCI Interrupt Link [LNKD] (IRQs 5 9 10 *11)
[    0.529024] ACPI: Enabled 2 GPEs in block 00 to 07
[    0.530326] vgaarb: setting as boot device: PCI:0000:00:02.0
[    0.531337] vgaarb: device added: PCI:0000:00:02.0,decodes=io+mem,owns=io+mem,locks=none
[    0.532871] vgaarb: loaded
[    0.533501] vgaarb: bridge control possible 0000:00:02.0
[    0.534684] SCSI subsystem initialized
[    0.535676] ACPI: bus type USB registered
[    0.537099] usbcore: registered new interface driver usbfs
[    0.537973] usbcore: registered new interface driver hub
[    0.538802] usbcore: registered new device driver usb
[    0.539896] PCI: Using ACPI for IRQ routing
[    0.542499] NetLabel: Initializing
[    0.545463] NetLabel:  domain hash size = 128
[    0.549716] NetLabel:  protocols = UNLABELED CIPSOv4
[    0.551817] NetLabel:  unlabeled traffic allowed by default
[    0.552940] amd_nb: Cannot enumerate AMD northbridges
[    0.554025] clocksource: Switched to clocksource kvm-clock
[    0.561781] AppArmor: AppArmor Filesystem Enabled
[    0.562807] pnp: PnP ACPI init
[    0.564143] pnp: PnP ACPI: found 3 devices
[    0.575518] clocksource: acpi_pm: mask: 0xffffff max_cycles: 0xffffff, max_idle_ns: 2085701024 ns
[    0.577303] NET: Registered protocol family 2
[    0.578288] TCP established hash table entries: 8192 (order: 4, 65536 bytes)
[    0.579479] TCP bind hash table entries: 8192 (order: 5, 131072 bytes)
[    0.580590] TCP: Hash tables configured (established 8192 bind 8192)
[    0.581679] UDP hash table entries: 512 (order: 2, 16384 bytes)
[    0.582714] UDP-Lite hash table entries: 512 (order: 2, 16384 bytes)
[    0.583838] NET: Registered protocol family 1
[    0.584662] pci 0000:00:00.0: Limiting direct PCI/PCI transfers
[    0.585706] pci 0000:00:01.0: Activating ISA DMA hang workarounds
[    0.586987] Unpacking initramfs...
[    0.781695] Freeing initrd memory: 14828K
[    0.782593] platform rtc_cmos: registered platform RTC device (no PNP device found)
[    0.783844] Scanning for low memory corruption every 60 seconds
[    0.785093] audit: initializing netlink subsys (disabled)
[    0.786075] audit: type=2000 audit(1558002639.039:1): initialized
[    0.787378] Initialise system trusted keyring
[    0.788310] HugeTLB registered 2 MB page size, pre-allocated 0 pages
[    0.790407] zbud: loaded
[    0.791320] VFS: Disk quotas dquot_6.6.0
[    0.792155] VFS: Dquot-cache hash table entries: 512 (order 0, 4096 bytes)
[    0.793564] squashfs: version 4.0 (2009/01/31) Phillip Lougher
[    0.794936] fuse init (API version 7.23)
[    0.796323] Key type big_key registered
[    0.797035] Allocating IMA MOK and blacklist keyrings.
[    0.803155] Key type asymmetric registered
[    0.803952] Asymmetric key parser 'x509' registered
[    0.804725] Block layer SCSI generic (bsg) driver version 0.4 loaded (major 249)
[    0.805978] io scheduler noop registered
[    0.806800] io scheduler deadline registered (default)
[    0.807811] io scheduler cfq registered
[    0.808658] pci_hotplug: PCI Hot Plug PCI Core version: 0.5
[    0.809492] pciehp: PCI Express Hot Plug Controller Driver version: 0.4
[    0.810665] ACPI: AC Adapter [AC] (on-line)
[    0.811470] input: Power Button as /devices/LNXSYSTM:00/LNXPWRBN:00/input/input0
[    0.812673] ACPI: Power Button [PWRF]
[    0.813333] input: Sleep Button as /devices/LNXSYSTM:00/LNXSLPBN:00/input/input1
[    0.814591] ACPI: Sleep Button [SLPF]
[    0.815409] GHES: HEST is not enabled!
[    0.816209] Serial: 8250/16550 driver, 32 ports, IRQ sharing enabled
[    0.837863] 00:02: ttyS0 at I/O 0x3f8 (irq = 4, base_baud = 115200) is a 16550A
[    0.841450] Linux agpgart interface v0.103
[    0.844592] loop: module loaded
[    0.845938] scsi host0: ata_piix
[    0.846711] scsi host1: ata_piix
[    0.847415] ata1: PATA max UDMA/33 cmd 0x1f0 ctl 0x3f6 bmdma 0xd000 irq 14
[    0.848537] ata2: PATA max UDMA/33 cmd 0x170 ctl 0x376 bmdma 0xd008 irq 15
[    0.849793] libphy: Fixed MDIO Bus: probed
[    0.850617] tun: Universal TUN/TAP device driver, 1.6
[    0.851544] tun: (C) 1999-2004 Max Krasnyansky <maxk@qualcomm.com>
[    0.852738] PPP generic driver version 2.4.2
[    0.853637] ehci_hcd: USB 2.0 'Enhanced' Host Controller (EHCI) Driver
[    0.854718] ehci-pci: EHCI PCI platform driver
[    0.855480] ehci-platform: EHCI generic platform driver
[    0.856298] ohci_hcd: USB 1.1 'Open' Host Controller (OHCI) Driver
[    0.857202] ohci-pci: OHCI PCI platform driver
[    0.857909] ohci-platform: OHCI generic platform driver
[    0.858896] uhci_hcd: USB Universal Host Controller Interface driver
[    0.860045] i8042: PNP: PS/2 Controller [PNP0303:PS2K,PNP0f03:PS2M] at 0x60,0x64 irq 1,12
[    0.861953] serio: i8042 KBD port at 0x60,0x64 irq 1
[    0.862874] serio: i8042 AUX port at 0x60,0x64 irq 12
[    0.863970] mousedev: PS/2 mouse device common for all mice
[    0.865232] input: AT Translated Set 2 keyboard as /devices/platform/i8042/serio0/input/input2
[    0.867442] rtc_cmos rtc_cmos: rtc core: registered rtc_cmos as rtc0
[    0.868605] rtc_cmos rtc_cmos: alarms up to one day, 114 bytes nvram
[    0.869728] i2c /dev entries driver
[    0.870523] device-mapper: uevent: version 1.0.3
[    0.871495] device-mapper: ioctl: 4.34.0-ioctl (2015-10-28) initialised: dm-devel@redhat.com
[    0.873252] ledtrig-cpu: registered to indicate activity on CPUs
[    0.875135] NET: Registered protocol family 10
[    0.876240] NET: Registered protocol family 17
[    0.877137] Key type dns_resolver registered
[    0.878338] registered taskstats version 1
[    0.879057] Loading compiled-in X.509 certificates
[    0.880269] Loaded X.509 cert 'Build time autogenerated kernel key: 4dcb2dc2c7cf43e0c20c44384f68683c20294489'
[    0.881775] zswap: loaded using pool lzo/zbud
[    0.884359] Key type trusted registered
[    0.889629] Key type encrypted registered
[    0.890474] AppArmor: AppArmor sha1 policy hashing enabled
[    0.891531] ima: No TPM chip found, activating TPM-bypass!
[    0.892539] ima: Allocated hash algorithm: sha1
[    0.893538] evm: HMAC attrs: 0x1
[    0.894598]   Magic number: 3:732:527
[    0.895629] rtc_cmos rtc_cmos: setting system clock to 2019-05-16 10:30:34 UTC (1558002634)
[    0.897241] BIOS EDD facility v0.16 2004-Jun-25, 0 devices found
[    0.898313] EDD information not available.
[    1.007702] Freeing unused kernel memory: 1484K
[    1.009097] Write protecting the kernel read-only data: 14336k
[    1.011406] Freeing unused kernel memory: 1620K
[    1.013035] Freeing unused kernel memory: 68K
Loading, please wait...
starting version 229
[    1.029333] random: systemd-udevd: uninitialized urandom read (16 bytes read, 3 bits of entropy available)
[    1.030320] random: udevadm: uninitialized urandom read (16 bytes read, 3 bits of entropy available)
[    1.030340] random: udevadm: uninitialized urandom read (16 bytes read, 3 bits of entropy available)
[    1.039173] random: udevadm: uninitialized urandom read (16 bytes read, 3 bits of entropy available)
[    1.039224] random: udevadm: uninitialized urandom read (16 bytes read, 3 bits of entropy available)
[    1.039400] random: udevadm: uninitialized urandom read (16 bytes read, 3 bits of entropy available)
[    1.039494] random: udevadm: uninitialized urandom read (16 bytes read, 3 bits of entropy available)
[    1.039561] random: udevadm: uninitialized urandom read (16 bytes read, 3 bits of entropy available)
[    1.039619] random: udevadm: uninitialized urandom read (16 bytes read, 3 bits of entropy available)
[    1.039676] random: udevadm: uninitialized urandom read (16 bytes read, 3 bits of entropy available)
[    1.089137] e1000: Intel(R) PRO/1000 Network Driver - version 7.3.21-k8-NAPI
[    1.090581] e1000: Copyright (c) 1999-2006 Intel Corporation.
[    1.091781] Fusion MPT base driver 3.04.20
[    1.092832] Copyright (c) 1999-2008 LSI Corporation
[    1.097222] Fusion MPT SPI Host driver 3.04.20
[    1.111799] AVX2 version of gcm_enc/dec engaged.
[    1.112720] AES CTR mode by8 optimization enabled
[    1.315459] input: ImExPS/2 Generic Explorer Mouse as /devices/platform/i8042/serio1/input/input4
[    1.444733] e1000 0000:00:03.0 eth0: (PCI:33MHz:32-bit) 02:3a:f4:24:e2:72
[    1.446046] e1000 0000:00:03.0 eth0: Intel(R) PRO/1000 Network Connection
[    1.448237] mptbase: ioc0: Initiating bringup
[    1.510781] ioc0: LSI53C1030 A0: Capabilities={Initiator}
[    1.673390] scsi host2: ioc0: LSI53C1030 A0, FwRev=00000000h, Ports=1, MaxQ=256, IRQ=20
[    1.786379] tsc: Refined TSC clocksource calibration: 2309.467 MHz
[    1.787807] clocksource: tsc: mask: 0xffffffffffffffff max_cycles: 0x214a245b429, max_idle_ns: 440795251263 ns
[    1.790189] scsi 2:0:0:0: Direct-Access     VBOX     HARDDISK         1.0  PQ: 0 ANSI: 5
[    1.792464] scsi target2:0:0: Beginning Domain Validation
[    1.794733] scsi target2:0:0: Domain Validation skipping write tests
[    1.796048] scsi target2:0:0: Ending Domain Validation
[    1.796950] scsi target2:0:0: asynchronous
[    1.798238] scsi 2:0:1:0: Direct-Access     VBOX     HARDDISK         1.0  PQ: 0 ANSI: 5
[    1.799709] scsi target2:0:1: Beginning Domain Validation
[    1.801943] scsi target2:0:1: Domain Validation skipping write tests
[    1.803058] scsi target2:0:1: Ending Domain Validation
[    1.803941] scsi target2:0:1: asynchronous
[    1.813073] sd 2:0:0:0: Attached scsi generic sg0 type 0
[    1.814033] sd 2:0:0:0: [sda] 20971520 512-byte logical blocks: (10.7 GB/10.0 GiB)
[    1.818418] sd 2:0:1:0: Attached scsi generic sg1 type 0
[    1.830103] sd 2:0:1:0: [sdb] 20480 512-byte logical blocks: (10.5 MB/10.0 MiB)
[    1.831832] sd 2:0:0:0: [sda] Write Protect is off
[    1.832937] sd 2:0:1:0: [sdb] Write Protect is off
[    1.834031] sd 2:0:0:0: [sda] Incomplete mode parameter data
[    1.835171] sd 2:0:0:0: [sda] Assuming drive cache: write through
[    1.836429] sd 2:0:1:0: [sdb] Incomplete mode parameter data
[    1.837509] sd 2:0:1:0: [sdb] Assuming drive cache: write through
[    1.870766]  sda: sda1
[    1.872320] sd 2:0:1:0: [sdb] Attached SCSI disk
[    1.873381] sd 2:0:0:0: [sda] Attached SCSI disk
[    2.590048] e1000 0000:00:08.0 eth1: (PCI:33MHz:32-bit) 08:00:27:3a:ac:4f
[    2.591238] e1000 0000:00:08.0 eth1: Intel(R) PRO/1000 Network Connection
[    2.593079] e1000 0000:00:08.0 enp0s8: renamed from eth1
[    2.603092] e1000 0000:00:03.0 enp0s3: renamed from eth0
Begin: Loading essential drivers ... [    3.877301] md: linear personality registered for level -1
[    3.880325] md: multipath personality registered for level -4
[    3.883296] md: raid0 personality registered for level 0
[    3.887543] md: raid1 personality registered for level 1
[    3.958125] raid6: sse2x1   gen() 12041 MB/s
[    4.026052] raid6: sse2x1   xor()  9024 MB/s
[    4.094209] raid6: sse2x2   gen() 15097 MB/s
[    4.162242] raid6: sse2x2   xor() 10135 MB/s
[    4.230231] raid6: sse2x4   gen() 17075 MB/s
[    4.298072] raid6: sse2x4   xor()  7854 MB/s
[    4.366261] raid6: avx2x1   gen() 21628 MB/s
[    4.434256] raid6: avx2x2   gen() 28138 MB/s
[    4.502209] raid6: avx2x4   gen() 30375 MB/s
[    4.503133] raid6: using algorithm avx2x4 gen() 30375 MB/s
[    4.504150] raid6: using avx2x2 recovery algorithm
[    4.506171] xor: automatically using best checksumming function:
[    4.546521]    avx       : 28949.000 MB/sec
[    4.548449] async_tx: api initialized (async)
[    4.556174] md: raid6 personality registered for level 6
[    4.557241] md: raid5 personality registered for level 5
[    4.558299] md: raid4 personality registered for level 4
[    4.564558] md: raid10 personality registered for level 10
done.
Begin: Running /scripts/init-premount ... done.
Begin: Mounting root file system ... Begin: Running /scripts/local-top ... done.
Begin: Running /scripts/local-premount ... [    4.590139] Btrfs loaded
Scanning for Btrfs filesystems
done.
Warning: fsck not present, so skipping root file system
[    4.641923] EXT4-fs (sda1): mounted filesystem with ordered data mode. Opts: (null)
done.
Begin: Running /scripts/local-bottom ... done.
Begin: Running /scripts/init-bottom ... done.
[    4.702530] systemd[1]: systemd 229 running in system mode. (+PAM +AUDIT +SELINUX +IMA +APPARMOR +SMACK +SYSVINIT +UTMP +LIBCRYPTSETUP +GCRYPT +GNUTLS +ACL +XZ -LZ4 +SECCOMP +BLKID +ELFUTILS +KMOD -IDN)
[    4.705582] systemd[1]: Detected virtualization oracle.
[    4.706545] systemd[1]: Detected architecture x86-64.

Welcome to [1mUbuntu 16.04.6 LTS[0m!

[    4.709678] systemd[1]: Set hostname to <ubuntu>.
[    4.712070] systemd[1]: Initializing machine ID from random generator.
[    4.713066] systemd[1]: Installed transient /etc/machine-id file.
[    4.807076] systemd[1]: Listening on Journal Socket.
[[0;32m  OK  [0m] Listening on Journal Socket.
[    4.808599] systemd[1]: Listening on Journal Socket (/dev/log).
[[0;32m  OK  [0m] Listening on Journal Socket (/dev/log).
[    4.810236] systemd[1]: Listening on LVM2 metadata daemon socket.
[[0;32m  OK  [0m] Listening on LVM2 metadata daemon socket.
[    4.811899] systemd[1]: Listening on /dev/initctl Compatibility Named Pipe.
[[0;32m  OK  [0m] Listening on /dev/initctl Compatibility Named Pipe.
[    4.813717] systemd[1]: Started Forward Password Requests to Wall Directory Watch.
[[0;32m  OK  [0m] Started Forward Password Requests to Wall Directory Watch.
[    4.827977] systemd[1]: Listening on Syslog Socket.
[[0;32m  OK  [0m] Listening on Syslog Socket.
[    5.085322] systemd[1]: Reached target Encrypted Volumes.
[[0;32m  OK  [0m] Reached target Encrypted Volumes.
[    5.107268] systemd[1]: Listening on Journal Audit Socket.
[[0;32m  OK  [0m] Listening on Journal Audit Socket.
[    5.109711] systemd[1]: Set up automount Arbitrary Executable File Formats File System Automount Point.
[[0;32m  OK  [0m] Set up automount Arbitrary Executab...ats File System Automount Point.
[    5.112715] systemd[1]: Reached target Swap.
[[0;32m  OK  [0m] Reached target Swap.
[    5.114335] systemd[1]: Reached target System Time Synchronized.
[[0;32m  OK  [0m] Reached target System Time Synchronized.
[    5.477429] systemd[1]: Created slice User and Session Slice.
[[0;32m  OK  [0m] Created slice User and Session Slice.
[    5.479694] systemd[1]: Started Trigger resolvconf update for networkd DNS.
[[0;32m  OK  [0m] Started Trigger resolvconf update for networkd DNS.
[    5.481923] systemd[1]: Reached target User and Group Name Lookups.
[[0;32m  OK  [0m] Reached target User and Group Name Lookups.
[    5.484106] systemd[1]: Listening on Device-mapper event daemon FIFOs.
[[0;32m  OK  [0m] Listening on Device-mapper event daemon FIFOs.
[    5.569139] systemd[1]: Created slice System Slice.
[[0;32m  OK  [0m] Created slice System Slice.
[    5.582231] systemd[1]: Mounting POSIX Message Queue File System...
         Mounting POSIX Message Queue File System...
[    5.584916] systemd[1]: Starting Nameserver information manager...
         Starting Nameserver information manager...
[    5.587293] systemd[1]: Starting Set console keymap...
         Starting Set console keymap...
[    5.591941] systemd[1]: Starting Load Kernel Modules...
         Starting Load Kernel Modules...
[    5.593977] systemd[1]: Starting Journal Service...
         Starting Journal Service...
[    5.596054] systemd[1]: Created slice system-serial\x2dgetty.slice.
[[0;32m  OK  [0m] Created slice system-serial\x2dgetty.slice.
[    5.599970] systemd[1]: Mounting Debug File System...
         Mounting Debug File System...
[    5.601693] Loading iSCSI transport class v2.0-870.
[    5.603060] systemd[1]: Starting Monitoring of LVM2 mirrors, snapshots etc. using dmeventd or progress polling...
         Starting Monitoring of LVM2 mirrors... dmeventd or progress polling...
[    5.612053] systemd[1]: Starting Uncomplicated firewall...
         Starting Uncomplicated firewall...
[    5.617919] systemd[1]: Starting Remount Root and Kernel File Systems...
         Starting Remount Root and Kernel File Systems...
[    5.626186] systemd[1]: Mounting Huge Pages File System...
[    5.627026] EXT4-fs (sda1): re-mounted. Opts: (null)
[    5.629411] iscsi: registered transport (tcp)
         Mounting Huge Pages File System...
[    5.635185] systemd[1]: Starting Create list of required static device nodes for the current kernel...
         Starting Create list of required st... nodes for the current kernel...
[    5.638966] systemd[1]: Reached target Slices.
[[0;32m  OK  [0m] Reached target Slices.
[    5.640846] systemd[1]: Listening on udev Kernel Socket.
[[0;32m  OK  [0m] Listening on udev Kernel Socket.
[    5.643128] systemd[1]: Listening on LVM2 poll daemon socket.
[[0;32m  OK  [0m] Listening on LVM2 poll daemon socket.
[    5.645741] systemd[1]: Listening on udev Control Socket.
[[0;32m  OK  [0m] Listening on udev Control Socket.
[    5.649998] systemd[1]: Mounted POSIX Message Queue File System.
[[0;32m  OK  [0m] Mounted POSIX Message Queue File System.
[    5.653002] systemd[1]: Mounted Debug File System.
[[0;32m  OK  [0m] Mounted Debug File System.
[    5.654913] systemd[1]: Mounted Huge Pages File System.
[[0;32m  OK  [0m] Mounted Huge Pages File System.
[    5.658774] systemd[1]: Started Uncomplicated firewall.
[[0;32m  OK  [0m] Started Uncomplicated firewall.
[    5.661933] systemd[1]: Started Remount Root and Kernel File Systems.
[[0;32m  OK  [0m] Started Remount Root and Kernel File Systems.
[    5.665109] systemd[1]: Started Create list of required static device nodes for the current kernel.
[[0;32m  OK  [0m] Started Create list of required sta...ce nodes for the current kernel.
[    5.668949] systemd[1]: Started Nameserver information manager.
[[0;32m  OK  [0m] Started Nameserver information manager.
[    5.680356] systemd[1]: Started Journal Service.
[[0;32m  OK  [0m] Started Journal Service.
[[0;32m  OK  [0m] Started Set console keymap.
[    5.700407] iscsi: registered transport (iser)
[[0;32m  OK  [0m] Started Load Kernel Modules.
         Mounting FUSE Control File System...
         Starting Apply Kernel Variables...
[[0;32m  OK  [0m] Started LVM2 metadata daemon.
         Starting Create Static Device Nodes in /dev...
         Starting udev Coldplug all Devices...
         Starting Load/Save Random Seed...
         Starting Flush Journal to Persistent Storage...
[[0;32m  OK  [0m] Mounted FUSE Control File System.
[[0;32m  OK  [0m] Started Apply Kernel Variables.
[[0;32m  OK  [0m] Started Load/Save Random Seed.
[[0;32m  OK  [0m] Started Create Static Device Nodes in /dev.
[[0;32m  OK  [0m] Started Flush Journal to Persistent Storage.
[[0;32m  OK  [0m] Started udev Coldplug all Devices.
         Starting udev Kernel Device Manager...
[[0;32m  OK  [0m] Started udev Kernel Device Manager.
[[0;32m  OK  [0m] Started Dispatch Password Requests to Console Directory Watch.
[[0;32m  OK  [0m] Started Monitoring of LVM2 mirrors,...ng dmeventd or progress polling.
[[0;32m  OK  [0m] Reached target Local File Systems (Pre).
[[0;32m  OK  [0m] Reached target Local File Systems.
         Starting Initial cloud-init job (pre-networking)...
         Starting Set console font and keymap...
         Starting Tell Plymouth To Write Out Runtime Data...
         Starting Commit a transient machine-id on disk...
         Starting Create Volatile Files and Directories...
         Starting LSB: AppArmor initialization...
[[0;32m  OK  [0m] Started Tell Plymouth To Write Out Runtime Data.
[[0;32m  OK  [0m] Started Create Volatile Files and Directories.
[[0;32m  OK  [0m] Started Commit a transient machine-id on disk.
         Starting Update UTMP about System Boot/Shutdown...
[[0;32m  OK  [0m] Started Update UTMP about System Boot/Shutdown.
[[0;32m  OK  [0m] Found device /dev/ttyS0.
[[0;32m  OK  [0m] Listening on Load/Save RF Kill Switch Status /dev/rfkill Watch.
[[0;32m  OK  [0m] Started LSB: AppArmor initialization.
[    6.860568] cloud-init[481]: Cloud-init v. 18.5-45-g3554ffe8-0ubuntu1~16.04.1 running 'init-local' at Thu, 16 May 2019 10:30:40 +0000. Up 6.48 seconds.
[[0;32m  OK  [0m] Started Initial cloud-init job (pre-networking).
[[0;32m  OK  [0m] Reached target Network (Pre).
         Starting Raise network interfaces...
[[0;32m  OK  [0m] Started Set console font and keymap.
[[0;32m  OK  [0m] Created slice system-getty.slice.
[[0;32m  OK  [0m] Started Raise network interfaces.
[[0;32m  OK  [0m] Reached target Network.
         Starting Initial cloud-init job (metadata service crawler)...
[    7.925463] cloud-init[955]: Cloud-init v. 18.5-45-g3554ffe8-0ubuntu1~16.04.1 running 'init' at Thu, 16 May 2019 10:30:41 +0000. Up 7.52 seconds.
[    7.927483] cloud-init[955]: ci-info: ++++++++++++++++++++++++++++++++++++++Net device info+++++++++++++++++++++++++++++++++++++++
[    7.929297] cloud-init[955]: ci-info: +--------+-------+----------------------------+---------------+--------+-------------------+
[    7.931023] cloud-init[955]: ci-info: | Device |   Up  |          Address           |      Mask     | Scope  |     Hw-Address    |
[    7.932809] cloud-init[955]: ci-info: +--------+-------+----------------------------+---------------+--------+-------------------+
[    7.934539] cloud-init[955]: ci-info: | enp0s3 |  True |         10.0.2.15          | 255.255.255.0 | global | 02:3a:f4:24:e2:72 |
[    7.936081] cloud-init[955]: ci-info: | enp0s3 |  True | fe80::3a:f4ff:fe24:e272/64 |       .       |  link  | 02:3a:f4:24:e2:72 |
[    7.937379] cloud-init[955]: ci-info: | enp0s8 | False |             .              |       .       |   .    | 08:00:27:3a:ac:4f |
[    7.938693] cloud-init[955]: ci-info: |   lo   |  True |         127.0.0.1          |   255.0.0.0   |  host  |         .         |
[    7.939973] cloud-init[955]: ci-info: |   lo   |  True |          ::1/128           |       .       |  host  |         .         |
[    7.941314] cloud-init[955]: ci-info: +--------+-------+----------------------------+---------------+--------+-------------------+
[    7.942720] cloud-init[955]: ci-info: +++++++++++++++++++++++++++Route IPv4 info++++++++++++++++++++++++++++
[    7.944075] cloud-init[955]: ci-info: +-------+-------------+----------+---------------+-----------+-------+
[    7.945214] cloud-init[955]: ci-info: | Route | Destination | Gateway  |    Genmask    | Interface | Flags |
[    7.946579] cloud-init[955]: ci-info: +-------+-------------+----------+---------------+-----------+-------+
[    7.948119] cloud-init[955]: ci-info: |   0   |   0.0.0.0   | 10.0.2.2 |    0.0.0.0    |   enp0s3  |   UG  |
[    7.949859] cloud-init[955]: ci-info: |   1   |   10.0.2.0  | 0.0.0.0  | 255.255.255.0 |   enp0s3  |   U   |
[    7.951557] cloud-init[955]: ci-info: +-------+-------------+----------+---------------+-----------+-------+
[    7.953391] cloud-init[955]: ci-info: +++++++++++++++++++Route IPv6 info+++++++++++++++++++
[    7.955022] cloud-init[955]: ci-info: +-------+-------------+---------+-----------+-------+
[    7.956744] cloud-init[955]: ci-info: | Route | Destination | Gateway | Interface | Flags |
[    7.958379] cloud-init[955]: ci-info: +-------+-------------+---------+-----------+-------+
[    7.959852] cloud-init[955]: ci-info: |   0   |  fe80::/64  |    ::   |   enp0s3  |   U   |
[    7.961363] [[0;32m  OK  [0m] Started Initial cloud-init job (metadata service crawler).
[[0;32m  OK  [0m] Reached target Cloud-config availability.
[[0;32m  OK  [0m] Reached target System Initialization.
         Starting Socket activation for snappy daemon.
cloud-init[955]: ci-info: |   3   |   ff00::/8  |    ::   |   enp0s3  |   U   |[[0;32m  OK  [0m] Started ACPI Events Check.
[[0;32m  OK  [0m] Reached target Paths.
[[0;32m  OK  [0m] Listening on UUID daemon activation socket.

[    7.966565]          Starting LXD - unix socket.
[[0;32m  OK  [0m] Listening on D-Bus System Message Bus Socket.
[[0;32m  OK  [0m] Started Daily apt download activities.
[[0;32m  OK  [0m] Started Daily apt upgrade and clean activities.
[[0;32m  OK  [0m] Listening on ACPID Listen Socket.
[[0;32m  OK  [0m] Started Daily Cleanup of Temporary Directories.
[[0;32m  OK  [0m] Reached target Timers.
[[0;32m  OK  [0m] Reached target Network is Online.
cloud-init[955]: ci-info: +-------+-------------+---------+-----------+-------+
[    7.972111] cloud-init[955]: Generating public/private rsa key pair.
[    7.973164] cloud-init[955]: Your identification has been saved in /etc/ssh/ssh_host_rsa_key.
[    7.974171] cloud-init[955]: Your public key has been saved in /etc/ssh/ssh_host_rsa_key.pub.
[    7.975144] cloud-init[955]: The key fingerprint is:
[    7.975983] cloud-init[955]: SHA256:TCHrev7xSMrr6GX+0qXhGTzgFf6pWBCnqDzLyqpD6UU root@ubuntu-xenial
[    7.977049] cloud-init[955]: The key's randomart image is:
[    7.977794] cloud-init[955]: +---[RSA 2048]----+
[    7.978486] cloud-init[955]: |      . .        |
[    7.979177] cloud-init[955]: |      .oo.       |
[    7.979880] cloud-init[955]: |     ..=..       |
[    7.980817] cloud-init[955]: |   E..+oo        |
[    7.981708] cloud-init[955]: | .o. ..=S. .     |
[    7.982565] cloud-init[955]: | o+. .. * +      |
[    7.983518] cloud-init[955]: |o..o. +=oO       |
[    7.984303] cloud-init[955]: |o.o  Ooo*+       |
[    7.985173] cloud-init[955]: |*+ .o.B=+ .      |
[    7.985926] cloud-init[955]: +----[SHA256]-----+
[    7.986606] cloud-init[955]: Generating public/private dsa key pair.
[    7.987429] cloud-init[955]: Your identification has been saved in /etc/ssh/ssh_host_dsa_key.
[    7.988432] cloud-init[955]: Your public key has been saved in /etc/ssh/ssh_host_dsa_key.pub.
         Starting iSCSI initiator daemon (iscsid)...
[[0;32m  OK  [0m] Listening on Socket activation for snappy daemon.
[[0;32m  OK  [0m] Listening on LXD - unix socket.
[[0;32m  OK  [0m] Reached target Sockets.
[[0;32m  OK  [0m] Reached target Basic System.
[    7.993083] cloud-init[955]: The key fingerprint is:
[    7.994183]          Starting Login Service...
cloud-init[955]: SHA256:y+fw2/HfpuNuMmop3K+qPeHdyShsR0+bL7ggWzwL5wo root@ubuntu-xenial
[    7.996466] cloud-init[955]: The key's randomart image is:
         Starting Virtualbox guest utils...
[    7.999769] cloud-init[955]: [[0;32m  OK  [0m] Started ACPI event daemon.
+---[DSA 1024]----+
[    8.001396]          Starting Accounts Service...
cloud-init[955]: |                 |         Starting LSB: MD monitoring daemon...

[    8.003240] cloud-init[[0;32m  OK  [0m] Started Regular background program processing daemon.
         Starting System Logging Service...
[[0;32m  OK  [0m] Started Unattended Upgrades Shutdown.
         Starting LXD - container startup/shutdown...
[[0;32m  OK  [0m] Started D-Bus System Message Bus.
[955]: |                 |
[    8.017221] cloud-init[955]: |                 |
[    8.024709] cloud-init[955]: |                 |
[    8.025669] cloud-init[955]: |        S        |
[    8.027593] cloud-init[955]: |       o... .    |
[    8.032524] cloud-init[955]: |    E o+X=.O.+   |
[    8.033932] cloud-init[955]: |     . OOOO.@oo o|
[    8.037445] cloud-init[955]: |      ++=BB*oO*=o|
[    8.038720] cloud-init[955]: +----[SHA256]-----+
[    8.040081] cloud-init[955]: Generating public/private ecdsa key pair.
[    8.040889] cloud-init[955]: Your identification has been saved in /etc/ssh/ssh_host_ecdsa_key.
[    8.048495] cloud-init[955]: Your public key has been saved in /etc/ssh/ssh_host_ecdsa_key.pub.
[    8.049794] cloud-init[955]: The key fingerprint is:
[    8.050940] cloud-init[955]: SHA256:7cu7xM2jI75SMCqNvTfVpLlIsGOXTw+mTGq7OK/bBP0 root@ubuntu-xenial
[    8.052261] cloud-init[955]: The key's randomart image is:
[    8.053066] cloud-init[955]: +---[ECDSA 256]---+
[    8.053903] cloud-init[955]: |                 |
[    8.054728] cloud-init[955]: |                 |
[    8.055545] cloud-init[955]: |                 |
[[0;32m  OK  [0m] Started Deferred execution scheduler.
         Starting /etc/rc.local Compatibility...
         Starting LSB: Record successful boot for GRUB...
[[0;32m  OK  [0m] Started FUSE filesystem for LXC.
[    8.059875]          Starting Pollinate to seed the pseudo random number generator...
cloud-init[955]: |   .. o  ..      |
[    8.068830]          cloud-initStarting Snappy daemon...[955]: 
|  .+.+ +S=.      |
[    8.070908] cloud-init[955]: |  o.B.= Oo.o     |[[0;32m  OK  [0m] Started System Logging Service.

[[0;32m  OK  [0m] Started /etc/rc.local Compatibility.
[    8.073555] cloud-init[955]: |   o.OEO ++ +    |
[    8.082642] cloud-init[955]: |  .++ B +ooo .   |
[    8.085780] [[0;32m  OK  [0m] Started iSCSI initiator daemon (iscsid).
cloud-init[955]: |  +*=+ +oo*+     |
[    8.087547] cloud-init[955]: +----[SHA256]-----+
[    8.089018] cloud-init[955]: Generating public/private ed25519 key pair.
[    8.090267] cloud-init[955]: Your identification has been saved in /etc/ssh/ssh_host_ed25519_key.
[    8.091933] cloud-init[955]: Your public key has been saved in /etc/ssh/ssh_host_ed25519_key.pub.
[    8.098864] cloud-init[955]: The key fingerprint is:
[    8.105204] cloud-init[955]: SHA256:nsz5rxUWHvKytmdd7qX/77SIKbKQJ9ThT2TSbwpMzao root@ubuntu-xenial
[    8.109289] cloud-init[955]: The key's randomart image is:
[    8.115094] cloud-init[955]: +--[ED25519 256]--+
[    8.118375] cloud-init[955]: |                 |
[    8.123346] cloud-init[955]: |        +        |
[    8.132247] cloud-init[955]: |       + *. o    |
[    8.138170] cloud-init[955]: |      = * .+ o   |
[[0;32m  OK  [0m] Started Login Service.
[    8.148948] cloud-init[955]: |     . *S..o=    |
[    8.152239] cloud-init[955]: |    . o++oo+ .  .|
[    8.153146] cloud-init[955]: |     E .*oo .. oo|
[    8.153930] cloud-init[955]: |      +. + o= oo+|
[    8.154649] cloud-init[955]: |       .o =B...=O|
[    8.156048] cloud-init[955]: +----[SHA256]-----+
         Starting Authenticate and Authorize Users to Run Privileged Tasks...
         Starting Login to default iSCSI targets...
[[0;32m  OK  [0m] Started LSB: MD monitoring daemon.
[[0;32m  OK  [0m] Started LSB: Record successful boot for GRUB.
[[0;32m  OK  [0m] Started Login to default iSCSI targets.
[[0;32m  OK  [0m] Reached target Remote File Systems (Pre).
[[0;32m  OK  [0m] Reached target Remote File Systems.
         Starting LSB: daemon to balance interrupts for SMP systems...
         Starting Permit User Sessions...
         Starting LSB: Set the CPU Frequency Scaling governor to "ondemand"...
         Starting LSB: automatic crash report generation...
[[0;32m  OK  [0m] Started LXD - container startup/shutdown.
[[0;32m  OK  [0m] Started Authenticate and Authorize Users to Run Privileged Tasks.
[[0;32m  OK  [0m] Started Accounts Service.
[[0;32m  OK  [0m] Started Permit User Sessions.
         Starting Terminate Plymouth Boot Screen...
         Starting Hold until boot process finishes up...
[[0;32m  OK  [0m] Started Hold until boot process finishes up.
[[0;32m  OK  [0m] Started Terminate Plymouth Boot Screen.
[[0;32m  OK  [0m] Started LSB: Set the CPU Frequency Scaling governor to "ondemand".
[[0;32m  OK  [0m] Started Serial Getty on ttyS0.
[[0;32m  OK  [0m] Started Getty on tty1.
[[0;32m  OK  [0m] Reached target Login Prompts.
         Starting Set console scheme...
[[0;32m  OK  [0m] Started Virtualbox guest utils.
[[0;32m  OK  [0m] Started LSB: daemon to balance interrupts for SMP systems.
[[0;32m  OK  [0m] Started Set console scheme.
[[0;32m  OK  [0m] Started LSB: automatic crash report generation.
[[0;32m  OK  [0m] Started Snappy daemon.
         Starting Wait until snapd is fully seeded...
[[0;32m  OK  [0m] Started Pollinate to seed the pseudo random number generator.
         Starting OpenBSD Secure Shell server...
[[0;32m  OK  [0m] Started OpenBSD Secure Shell server.
[[0;32m  OK  [0m] Started Wait until snapd is fully seeded.
         Starting Apply the settings specified in cloud-config...
[[0;32m  OK  [0m] Reached target Multi-User System.
[[0;32m  OK  [0m] Reached target Graphical Interface.
         Starting Update UTMP about System Runlevel Changes...
[[0;32m  OK  [0m] Started Update UTMP about System Runlevel Changes.
[    9.746185] cloud-init[1294]: Generating locales (this might take a while)...
[   10.318148] cloud-init[1294]:   en_US.UTF-8... done
[   10.319023] cloud-init[1294]: Generation complete.
[   10.583981] cloud-init[1294]: Cloud-init v. 18.5-45-g3554ffe8-0ubuntu1~16.04.1 running 'modules:config' at Thu, 16 May 2019 10:30:43 +0000. Up 9.64 seconds.
[[0;32m  OK  [0m] Started Apply the settings specified in cloud-config.
         Starting Execute cloud user/final scripts...
ci-info: no authorized ssh keys fingerprints found for user ubuntu.
<14>May 16 10:30:44 ec2: 
<14>May 16 10:30:44 ec2: #############################################################
<14>May 16 10:30:44 ec2: -----BEGIN SSH HOST KEY FINGERPRINTS-----
<14>May 16 10:30:44 ec2: 1024 SHA256:y+fw2/HfpuNuMmop3K+qPeHdyShsR0+bL7ggWzwL5wo root@ubuntu-xenial (DSA)
<14>May 16 10:30:44 ec2: 256 SHA256:7cu7xM2jI75SMCqNvTfVpLlIsGOXTw+mTGq7OK/bBP0 root@ubuntu-xenial (ECDSA)
<14>May 16 10:30:44 ec2: 256 SHA256:nsz5rxUWHvKytmdd7qX/77SIKbKQJ9ThT2TSbwpMzao root@ubuntu-xenial (ED25519)
<14>May 16 10:30:44 ec2: 2048 SHA256:TCHrev7xSMrr6GX+0qXhGTzgFf6pWBCnqDzLyqpD6UU root@ubuntu-xenial (RSA)
<14>May 16 10:30:44 ec2: -----END SSH HOST KEY FINGERPRINTS-----
<14>May 16 10:30:44 ec2: #############################################################
-----BEGIN SSH HOST KEY KEYS-----
ecdsa-sha2-nistp256 AAAAE2VjZHNhLXNoYTItbmlzdHAyNTYAAAAIbmlzdHAyNTYAAABBBF/3QqP06lAmpYh6QkoxLMJNTJdm/zqtX2UBW7PDrXgGWVcAGHFui4lObZ97xtuRurdZ9hXMj52zCzdumT+OhBk= root@ubuntu-xenial
ssh-ed25519 AAAAC3NzaC1lZDI1NTE5AAAAIA3rvh2mHzI4IngV8V4QtfL1EnFIBuQDyNOjtinMQSEc root@ubuntu-xenial
ssh-rsa AAAAB3NzaC1yc2EAAAADAQABAAABAQDRq/nSufVkzonahW6CunCXgvXHTM/DJUye6mUmWCLiEGZFLRXfdrkjawGGEzAcDhKTHkZs1pEybeCfMyPw8Gb55wxp4u7pjLHJms8oBkkjMulxg5wPkBv/X7qqNcO4tYVvkXZhtaz16q+6dAAyx/qzuIZoaD5JgcIR16MO53tnL/9P49VcZRk/+mSvNjMSvLX+g1vATSNmX0NIh1bpCEqJq6zusttCHZQ5QNk2xpyRdPvQCJYRwfVmeNh+YG9bF65+nJM/s4Xrop8bxjemUe+7LLDGUaOYdxbews5SNSajbDdcVCmC3RCjpmT0aGwI4d6J18UpFI2vTvTjX8xpACvD root@ubuntu-xenial
-----END SSH HOST KEY KEYS-----
[   10.978522] cloud-init[1336]: Cloud-init v. 18.5-45-g3554ffe8-0ubuntu1~16.04.1 running 'modules:final' at Thu, 16 May 2019 10:30:44 +0000. Up 10.86 seconds.
[   10.980795] cloud-init[1336]: ci-info: no authorized ssh keys fingerprints found for user ubuntu.
[   10.982497] cloud-init[1336]: Cloud-init v. 18.5-45-g3554ffe8-0ubuntu1~16.04.1 finished at Thu, 16 May 2019 10:30:44 +0000. Datasource DataSourceNoCloud [seed=/dev/sdb][dsmode=net].  Up 10.97 seconds
[[0;32m  OK  [0m] Started Execute cloud user/final scripts.
[[0;32m  OK  [0m] Reached target Cloud-init target.

Ubuntu 16.04.6 LTS ubuntu-xenial ttyS0

ubuntu-xenial login:          Stopping User Manager for UID 1000...
[[0;32m  OK  [0m] Closed Load/Save RF Kill Switch Status /dev/rfkill Watch.
         Stopping Session 4 of user vagrant.
         Stopping ACPI event daemon...
         Stopping Authenticate and Authorize Users to Run Privileged Tasks...
[[0;32m  OK  [0m] Stopped target Timers.
[[0;32m  OK  [0m] Stopped Daily Cleanup of Temporary Directories.
[[0;32m  OK  [0m] Stopped Daily apt upgrade and clean activities.
[[0;32m  OK  [0m] Stopped Daily apt download activities.
[[0;32m  OK  [0m] Stopped target System Time Synchronized.
[[0;32m  OK  [0m] Stopped target Cloud-init target.
[[0;32m  OK  [0m] Stopped Execute cloud user/final scripts.
[[0;32m  OK  [0m] Stopped Apply the settings specified in cloud-config.
[[0;32m  OK  [0m] Stopped target Cloud-config availability.
[[0;32m  OK  [0m] Stopped target Graphical Interface.
[[0;32m  OK  [0m] Stopped target Multi-User System.
         Stopping OpenBSD Secure Shell server...
         Stopping Unattended Upgrades Shutdown...
         Stopping FUSE filesystem for LXC...
         Stopping D-Bus System Message Bus...
         Stopping System Logging Service...
         Stopping Virtualbox guest utils...
         Stopping Deferred execution scheduler...
         Stopping Regular background program processing daemon...
[[0;32m  OK  [0m] Stopped Wait until snapd is fully seeded.
[[0;32m  OK  [0m] Stopped target Login Prompts.
         Stopping Getty on tty1
         Stopping LSB: Set the CPU Frequency Scaling governor to "ondemand"...
         Stopping LSB: automatic crash report generation...
         Stopping LSB: daemon to balance interrupts for SMP systems...
         Stopping Accounts Service...
         Stopping LXD - container startup/shutdown...
[[0;32m  OK  [0m] Unmounted /var/lib/lxcfs.
[[0;32m  OK  [0m] Stopped ACPI event daemon.
[[0;32m  OK  [0m] Stopped Accounts Service.
[[0;32m  OK  [0m] Stopped Regular background program processing daemon.
[[0;32m  OK  [0m] Stopped System Logging Service.
[[0;32m  OK  [0m] Stopped Deferred execution scheduler.
[[0;32m  OK  [0m] Stopped Authenticate and Authorize Users to Run Privileged Tasks.
[[0;32m  OK  [0m] Stopped Serial Getty on ttyS0.
[[0;32m  OK  [0m] Stopped Getty on tty1.
[[0;32m  OK  [0m] Stopped OpenBSD Secure Shell server.
[[0;32m  OK  [0m] Stopped User Manager for UID 1000.
[[0;32m  OK  [0m] Stopped Session 4 of user vagrant.
[[0;32m  OK  [0m] Stopped D-Bus System Message Bus.
[[0;32m  OK  [0m] Stopped FUSE filesystem for LXC.
[[0;32m  OK  [0m] Stopped Unattended Upgrades Shutdown.
[[0;32m  OK  [0m] Stopped Virtualbox guest utils.
[[0;32m  OK  [0m] Stopped LSB: MD monitoring daemon.
[[0;32m  OK  [0m] Stopped LXD - container startup/shutdown.
[[0;32m  OK  [0m] Stopped LSB: Set the CPU Frequency Scaling governor to "ondemand".
[[0;32m  OK  [0m] Stopped LSB: Record successful boot for GRUB.
[[0;32m  OK  [0m] Stopped LSB: automatic crash report generation.
[[0;32m  OK  [0m] Stopped LSB: daemon to balance interrupts for SMP systems.
[[0;32m  OK  [0m] Removed slice User Slice of vagrant.
         Stopping Login Service...
[[0;32m  OK  [0m] Removed slice system-getty.slice.
[[0;32m  OK  [0m] Stopped /etc/rc.local Compatibility.
[[0;32m  OK  [0m] Removed slice system-serial\x2dgetty.slice.
         Stopping Permit User Sessions...
[[0;32m  OK  [0m] Stopped Permit User Sessions.
[[0;32m  OK  [0m] Stopped target Remote File Systems.
[[0;32m  OK  [0m] Stopped target Remote File Systems (Pre).
         Stopping Login to default iSCSI targets...
[[0;32m  OK  [0m] Stopped Login Service.
[[0;32m  OK  [0m] Stopped Login to default iSCSI targets.
         Stopping iSCSI initiator daemon (iscsid)...
[[0;32m  OK  [0m] Stopped target User and Group Name Lookups.
[[0;32m  OK  [0m] Stopped target Basic System.
[[0;32m  OK  [0m] Stopped target Sockets.
[[0;32m  OK  [0m] Closed Socket activation for snappy daemon.
[[0;32m  OK  [0m] Closed LXD - unix socket.
[[0;32m  OK  [0m] Closed Syslog Socket.
[[0;32m  OK  [0m] Closed D-Bus System Message Bus Socket.
[[0;32m  OK  [0m] Closed ACPID Listen Socket.
[[0;32m  OK  [0m] Closed UUID daemon activation socket.
[[0;32m  OK  [0m] Stopped target Slices.
[[0;32m  OK  [0m] Stopped target Paths.
[[0;32m  OK  [0m] Stopped Dispatch Password Requests to Console Directory Watch.
[[0;32m  OK  [0m] Stopped ACPI Events Check.
[[0;32m  OK  [0m] Stopped Forward Password Requests to Wall Directory Watch.
[[0;32m  OK  [0m] Removed slice User and Session Slice.
[[0;32m  OK  [0m] Stopped target System Initialization.
         Stopping Update UTMP about System Boot/Shutdown...
[[0;32m  OK  [0m] Stopped target Encrypted Volumes.
         Stopping Load/Save Random Seed...
[[0;32m  OK  [0m] Stopped target Swap.
[[0;32m  OK  [0m] Stopped Commit a transient machine-id on disk.
[[0;32m  OK  [0m] Stopped iSCSI initiator daemon (iscsid).
[[0;32m  OK  [0m] Stopped Load/Save Random Seed.
[[0;32m  OK  [0m] Stopped Update UTMP about System Boot/Shutdown.
[[0;32m  OK  [0m] Stopped Create Volatile Files and Directories.
[[0;32m  OK  [0m] Stopped target Network is Online.
[[0;32m  OK  [0m] Stopped Initial cloud-init job (metadata service crawler).
[[0;32m  OK  [0m] Stopped target Network.
         Stopping Raise network interfaces...
[[0;32m  OK  [0m] Stopped Raise network interfaces.
[[0;32m  OK  [0m] Stopped target Network (Pre).
[[0;32m  OK  [0m] Stopped Initial cloud-init job (pre-networking).
[[0;32m  OK  [0m] Stopped target Local File Systems.
         Unmounting /vagrant...
         Unmounting /var/www/html...
         Unmounting /run/user/1000...
[[0;32m  OK  [0m] Stopped Apply Kernel Variables.
[[0;32m  OK  [0m] Stopped Load Kernel Modules.
[[0;32m  OK  [0m] Unmounted /vagrant.
[[0;32m  OK  [0m] Unmounted /var/www/html.
[[0;32m  OK  [0m] Unmounted /run/user/1000.
[[0;32m  OK  [0m] Reached target Unmount All Filesystems.
[[0;32m  OK  [0m] Stopped target Local File Systems (Pre).
[[0;32m  OK  [0m] Stopped Remount Root and Kernel File Systems.
         Stopping Monitoring of LVM2 mirrors... dmeventd or progress polling...
[[0;32m  OK  [0m] Stopped Create Static Device Nodes in /dev.
[[0;32m  OK  [0m] Reached target Shutdown.
[   54.887914] reboot: Power down
